This file contains any messages produced by compilers while
running configure, to aid debugging if configure makes a mistake.

It was created by configure, which was
generated by GNU Autoconf 2.61.  Invocation command line was

  $ ./configure 

## --------- ##
## Platform. ##
## --------- ##

hostname = roderick
uname -m = i686
uname -r = 2.6.21.1
uname -s = Linux
uname -v = #2 SMP Fri May 18 13:12:58 CEST 2007

/usr/bin/uname -p = unknown
/bin/uname -X     = unknown

/bin/arch              = i686
/usr/bin/arch -k       = unknown
/usr/convex/getsysinfo = unknown
/usr/bin/hostinfo      = unknown
/bin/machine           = unknown
/usr/bin/oslevel       = unknown
/bin/universe          = unknown

PATH: /sbin
PATH: /bin
PATH: /usr/sbin
PATH: /usr/bin
PATH: /usr/X11R6/bin
PATH: /usr/local/sbin
PATH: /usr/local/bin
PATH: /usr/games


## ----------- ##
## Core tests. ##
## ----------- ##

configure:1785: checking for gcc
configure:1801: found /usr/bin/gcc
configure:1812: result: gcc
configure:2050: checking for C compiler version
configure:2057: gcc --version >&5
gcc (GCC) 4.0.3 (Debian 4.0.3-1)
Copyright (C) 2006 Free Software Foundation, Inc.
This is free software; see the source for copying conditions.  There is NO
warranty; not even for MERCHANTABILITY or FITNESS FOR A PARTICULAR PURPOSE.

configure:2060: $? = 0
configure:2067: gcc -v >&5
Using built-in specs.
Target: i486-linux-gnu
Configured with: ../src/configure -v --enable-languages=c,c++,java,f95,objc,ada,treelang --prefix=/usr --enable-shared --with-system-zlib --libexecdir=/usr/lib --without-included-gettext --enable-threads=posix --enable-nls --program-suffix=-4.0 --enable-__cxa_atexit --enable-clocale=gnu --enable-libstdcxx-debug --enable-java-awt=gtk-default --enable-gtk-cairo --with-java-home=/usr/lib/jvm/java-1.4.2-gcj-4.0-1.4.2.0/jre --enable-mpfr --disable-werror --with-tune=i686 --enable-checking=release i486-linux-gnu
Thread model: posix
gcc version 4.0.3 (Debian 4.0.3-1)
configure:2070: $? = 0
configure:2077: gcc -V >&5
gcc: '-V' option must have argument
configure:2080: $? = 1
configure:2103: checking for C compiler default output file name
configure:2130: gcc    conftest.c  >&5
configure:2133: $? = 0
configure:2171: result: a.out
configure:2188: checking whether the C compiler works
configure:2198: ./a.out
configure:2201: $? = 0
configure:2218: result: yes
configure:2225: checking whether we are cross compiling
configure:2227: result: no
configure:2230: checking for suffix of executables
configure:2237: gcc -o conftest    conftest.c  >&5
configure:2240: $? = 0
configure:2264: result: 
configure:2270: checking for suffix of object files
configure:2296: gcc -c   conftest.c >&5
configure:2299: $? = 0
configure:2322: result: o
configure:2326: checking whether we are using the GNU C compiler
configure:2355: gcc -c   conftest.c >&5
configure:2361: $? = 0
configure:2378: result: yes
configure:2383: checking whether gcc accepts -g
configure:2413: gcc -c -g  conftest.c >&5
configure:2419: $? = 0
configure:2518: result: yes
configure:2535: checking for gcc option to accept ISO C89
configure:2609: gcc  -c -g -O2  conftest.c >&5
configure:2615: $? = 0
configure:2638: result: none needed
configure:2714: checking for g++
configure:2730: found /usr/bin/g++
configure:2741: result: g++
configure:2772: checking for C++ compiler version
configure:2779: g++ --version >&5
g++ (GCC) 4.0.3 (Debian 4.0.3-1)
Copyright (C) 2006 Free Software Foundation, Inc.
This is free software; see the source for copying conditions.  There is NO
warranty; not even for MERCHANTABILITY or FITNESS FOR A PARTICULAR PURPOSE.

configure:2782: $? = 0
configure:2789: g++ -v >&5
Using built-in specs.
Target: i486-linux-gnu
Configured with: ../src/configure -v --enable-languages=c,c++,java,f95,objc,ada,treelang --prefix=/usr --enable-shared --with-system-zlib --libexecdir=/usr/lib --without-included-gettext --enable-threads=posix --enable-nls --program-suffix=-4.0 --enable-__cxa_atexit --enable-clocale=gnu --enable-libstdcxx-debug --enable-java-awt=gtk-default --enable-gtk-cairo --with-java-home=/usr/lib/jvm/java-1.4.2-gcj-4.0-1.4.2.0/jre --enable-mpfr --disable-werror --with-tune=i686 --enable-checking=release i486-linux-gnu
Thread model: posix
gcc version 4.0.3 (Debian 4.0.3-1)
configure:2792: $? = 0
configure:2799: g++ -V >&5
g++: '-V' option must have argument
configure:2802: $? = 1
configure:2805: checking whether we are using the GNU C++ compiler
configure:2834: g++ -c   conftest.cpp >&5
configure:2840: $? = 0
configure:2857: result: yes
configure:2862: checking whether g++ accepts -g
configure:2892: g++ -c -g  conftest.cpp >&5
configure:2898: $? = 0
configure:2997: result: yes
configure:3064: checking for a BSD-compatible install
configure:3120: result: /usr/bin/install -c
configure:3131: checking whether make sets $(MAKE)
configure:3152: result: yes
configure:3167: checking how to run the C preprocessor
configure:3207: gcc -E  conftest.c
configure:3213: $? = 0
configure:3244: gcc -E  conftest.c
conftest.c:8:28: error: ac_nonexistent.h: No such file or directory
configure:3250: $? = 1
configure: failed program was:
| /* confdefs.h.  */
| #define PACKAGE_NAME ""
| #define PACKAGE_TARNAME ""
| #define PACKAGE_VERSION ""
| #define PACKAGE_STRING ""
| #define PACKAGE_BUGREPORT ""
| /* end confdefs.h.  */
| #include <ac_nonexistent.h>
configure:3283: result: gcc -E
configure:3312: gcc -E  conftest.c
configure:3318: $? = 0
configure:3349: gcc -E  conftest.c
conftest.c:8:28: error: ac_nonexistent.h: No such file or directory
configure:3355: $? = 1
configure: failed program was:
| /* confdefs.h.  */
| #define PACKAGE_NAME ""
| #define PACKAGE_TARNAME ""
| #define PACKAGE_VERSION ""
| #define PACKAGE_STRING ""
| #define PACKAGE_BUGREPORT ""
| /* end confdefs.h.  */
| #include <ac_nonexistent.h>
configure:3393: checking for grep that handles long lines and -e
configure:3467: result: /bin/grep
configure:3472: checking for egrep
configure:3550: result: /bin/grep -E
configure:3555: checking for ANSI C header files
configure:3585: gcc -c -g -O2  conftest.c >&5
configure:3591: $? = 0
configure:3690: gcc -o conftest -g -O2   conftest.c  >&5
configure:3693: $? = 0
configure:3699: ./conftest
configure:3702: $? = 0
configure:3719: result: yes
configure:3753: checking for library containing getopt_long
configure:3794: gcc -o conftest    conftest.c  >&5
configure:3800: $? = 0
configure:3828: result: none required
configure:3854: checking for sys/types.h
configure:3875: gcc -c   conftest.c >&5
configure:3881: $? = 0
configure:3897: result: yes
configure:3854: checking for sys/stat.h
configure:3875: gcc -c   conftest.c >&5
configure:3881: $? = 0
configure:3897: result: yes
configure:3854: checking for stdlib.h
configure:3875: gcc -c   conftest.c >&5
configure:3881: $? = 0
configure:3897: result: yes
configure:3854: checking for string.h
configure:3875: gcc -c   conftest.c >&5
configure:3881: $? = 0
configure:3897: result: yes
configure:3854: checking for memory.h
configure:3875: gcc -c   conftest.c >&5
configure:3881: $? = 0
configure:3897: result: yes
configure:3854: checking for strings.h
configure:3875: gcc -c   conftest.c >&5
configure:3881: $? = 0
configure:3897: result: yes
configure:3854: checking for inttypes.h
configure:3875: gcc -c   conftest.c >&5
configure:3881: $? = 0
configure:3897: result: yes
configure:3854: checking for stdint.h
configure:3875: gcc -c   conftest.c >&5
configure:3881: $? = 0
configure:3897: result: yes
configure:3854: checking for unistd.h
configure:3875: gcc -c   conftest.c >&5
configure:3881: $? = 0
configure:3897: result: yes
configure:3919: checking getopt.h usability
configure:3936: gcc -c   conftest.c >&5
configure:3942: $? = 0
configure:3956: result: yes
configure:3960: checking getopt.h presence
configure:3975: gcc -E  conftest.c
configure:3981: $? = 0
configure:3995: result: yes
configure:4023: checking for getopt.h
configure:4030: result: yes
configure:4096: checking for pkg-config
configure:4114: found /usr/bin/pkg-config
configure:4127: result: /usr/bin/pkg-config
configure:4145: checking for gtk+-2.0 >= 2.4.0
configure:4149: result: yes
configure:4153: checking GTK_CFLAGS
configure:4156: result: -I/usr/include/gtk-2.0 -I/usr/lib/gtk-2.0/include -I/usr/include/atk-1.0 -I/usr/include/cairo -I/usr/include/pango-1.0 -I/usr/include/glib-2.0 -I/usr/lib/glib-2.0/include -I/usr/include/freetype2 -I/usr/include/libpng12  
configure:4159: checking GTK_LIBS
configure:4162: result: -lgtk-x11-2.0 -lgdk-x11-2.0 -latk-1.0 -lgdk_pixbuf-2.0 -lm -lpangocairo-1.0 -lfontconfig -lXext -lXrender -lXinerama -lXi -lXrandr -lXcursor -lXfixes -lpango-1.0 -lcairo -lX11 -lgobject-2.0 -lgmodule-2.0 -ldl -lglib-2.0  
configure:4937: checking whether -R must be followed by a space
configure:4963: gcc -o conftest    conftest.c  -RNONE >&5
gcc: unrecognized option '-RNONE'
configure:4969: $? = 0
configure: failed program was:
| /* confdefs.h.  */
| #define PACKAGE_NAME ""
| #define PACKAGE_TARNAME ""
| #define PACKAGE_VERSION ""
| #define PACKAGE_STRING ""
| #define PACKAGE_BUGREPORT ""
| #define STDC_HEADERS 1
| #define HAVE_SYS_TYPES_H 1
| #define HAVE_SYS_STAT_H 1
| #define HAVE_STDLIB_H 1
| #define HAVE_STRING_H 1
| #define HAVE_MEMORY_H 1
| #define HAVE_STRINGS_H 1
| #define HAVE_INTTYPES_H 1
| #define HAVE_STDINT_H 1
| #define HAVE_UNISTD_H 1
| /* end confdefs.h.  */
| 
| int
| main ()
| {
| 
|   ;
|   return 0;
| }
configure:5004: gcc -o conftest    conftest.c  -R NONE >&5
gcc: NONE: No such file or directory
gcc: unrecognized option '-R'
configure:5010: $? = 1
configure: failed program was:
| /* confdefs.h.  */
| #define PACKAGE_NAME ""
| #define PACKAGE_TARNAME ""
| #define PACKAGE_VERSION ""
| #define PACKAGE_STRING ""
| #define PACKAGE_BUGREPORT ""
| #define STDC_HEADERS 1
| #define HAVE_SYS_TYPES_H 1
| #define HAVE_SYS_STAT_H 1
| #define HAVE_STDLIB_H 1
| #define HAVE_STRING_H 1
| #define HAVE_MEMORY_H 1
| #define HAVE_STRINGS_H 1
| #define HAVE_INTTYPES_H 1
| #define HAVE_STDINT_H 1
| #define HAVE_UNISTD_H 1
| /* end confdefs.h.  */
| 
| int
| main ()
| {
| 
|   ;
|   return 0;
| }
configure:5023: result: neither works
configure:5076: gcc -o conftest    conftest.c   -LNONE -lX11 >&5
configure:5082: $? = 0
configure:5239: checking for gethostbyname
configure:5295: gcc -o conftest    conftest.c  >&5
configure:5301: $? = 0
configure:5318: result: yes
configure:5463: checking for connect
configure:5519: gcc -o conftest    conftest.c  >&5
configure:5525: $? = 0
configure:5542: result: yes
configure:5614: checking for remove
configure:5670: gcc -o conftest    conftest.c  >&5
configure:5676: $? = 0
configure:5693: result: yes
configure:5765: checking for shmat
configure:5821: gcc -o conftest    conftest.c  >&5
configure:5827: $? = 0
configure:5844: result: yes
configure:5925: checking for IceConnectionNumber in -lICE
configure:5960: gcc -o conftest    -LNONE conftest.c -lICE   >&5
configure:5966: $? = 0
configure:5984: result: yes
configure:6142: checking for XOpenDisplay in -lX11
configure:6177: gcc -o conftest    conftest.c -lX11 -LNONE  >&5
configure:6183: $? = 0
configure:6201: result: yes
configure:6213: checking for XextFindDisplay in -lXext
configure:6248: gcc -o conftest    conftest.c -lXext -LNONE -lXext -lX11  >&5
configure:6254: $? = 0
configure:6272: result: yes
configure:6417: creating ./config.status

## ---------------------- ##
## Running config.status. ##
## ---------------------- ##

This file was extended by config.status, which was
generated by GNU Autoconf 2.61.  Invocation command line was

  CONFIG_FILES    = 
  CONFIG_HEADERS  = 
  CONFIG_LINKS    = 
  CONFIG_COMMANDS = 
  $ ./config.status 

on roderick

config.status:639: creating src/Makefile
config.status:639: creating src/backend/Makefile
config.status:639: creating src/nvcontrol/Makefile
config.status:639: creating src/qt/Makefile
config.status:639: creating src/gtk/Makefile
config.status:639: creating Makefile
config.status:639: creating config.h
config.status:873: executing default-1 commands

## ---------------- ##
## Cache variables. ##
## ---------------- ##

ac_cv_c_compiler_gnu=yes
ac_cv_cxx_compiler_gnu=yes
ac_cv_env_CCC_set=
ac_cv_env_CCC_value=
ac_cv_env_CC_set=
ac_cv_env_CC_value=
ac_cv_env_CFLAGS_set=
ac_cv_env_CFLAGS_value=
ac_cv_env_CPPFLAGS_set=
ac_cv_env_CPPFLAGS_value=
ac_cv_env_CPP_set=
ac_cv_env_CPP_value=
ac_cv_env_CXXFLAGS_set=
ac_cv_env_CXXFLAGS_value=
ac_cv_env_CXX_set=
ac_cv_env_CXX_value=
ac_cv_env_LDFLAGS_set=
ac_cv_env_LDFLAGS_value=
ac_cv_env_LIBS_set=
ac_cv_env_LIBS_value=
ac_cv_env_XMKMF_set=
ac_cv_env_XMKMF_value=
ac_cv_env_build_alias_set=
ac_cv_env_build_alias_value=
ac_cv_env_host_alias_set=
ac_cv_env_host_alias_value=
ac_cv_env_target_alias_set=
ac_cv_env_target_alias_value=
ac_cv_func_connect=yes
ac_cv_func_gethostbyname=yes
ac_cv_func_remove=yes
ac_cv_func_shmat=yes
ac_cv_header_getopt_h=yes
ac_cv_header_inttypes_h=yes
ac_cv_header_memory_h=yes
ac_cv_header_stdc=yes
ac_cv_header_stdint_h=yes
ac_cv_header_stdlib_h=yes
ac_cv_header_string_h=yes
ac_cv_header_strings_h=yes
ac_cv_header_sys_stat_h=yes
ac_cv_header_sys_types_h=yes
ac_cv_header_unistd_h=yes
ac_cv_lib_ICE_IceConnectionNumber=yes
ac_cv_lib_X11_XOpenDisplay=yes
ac_cv_lib_Xext_XextFindDisplay=yes
ac_cv_objext=o
ac_cv_path_EGREP='/bin/grep -E'
ac_cv_path_GREP=/bin/grep
ac_cv_path_PKG_CONFIG=/usr/bin/pkg-config
ac_cv_path_install='/usr/bin/install -c'
ac_cv_prog_CPP='gcc -E'
ac_cv_prog_ac_ct_CC=gcc
ac_cv_prog_ac_ct_CXX=g++
ac_cv_prog_cc_c89=
ac_cv_prog_cc_g=yes
ac_cv_prog_cxx_g=yes
ac_cv_prog_make_make_set=yes
ac_cv_search_getopt_long='none required'

## ----------------- ##
## Output variables. ##
## ----------------- ##

CC='gcc'
CFLAGS=''
CPP='gcc -E'
CPPFLAGS=''
CXX='g++'
CXXFLAGS='-g -O2'
DEFS='-DHAVE_CONFIG_H'
ECHO_C=''
ECHO_N='-n'
ECHO_T=''
EGREP='/bin/grep -E'
EXEEXT=''
GREP='/bin/grep'
GTK_CFLAGS='-I/usr/include/gtk-2.0 -I/usr/lib/gtk-2.0/include -I/usr/include/atk-1.0 -I/usr/include/cairo -I/usr/include/pango-1.0 -I/usr/include/glib-2.0 -I/usr/lib/glib-2.0/include -I/usr/include/freetype2 -I/usr/include/libpng12  '
GTK_LIBS='-lgtk-x11-2.0 -lgdk-x11-2.0 -latk-1.0 -lgdk_pixbuf-2.0 -lm -lpangocairo-1.0 -lfontconfig -lXext -lXrender -lXinerama -lXi -lXrandr -lXcursor -lXfixes -lpango-1.0 -lcairo -lX11 -lgobject-2.0 -lgmodule-2.0 -ldl -lglib-2.0  '
HAVE_GTK2='yes'
HAVE_NVCONTROL='yes'
HAVE_QT='no'
INSTALL_DATA='${INSTALL} -m 644'
INSTALL_PROGRAM='${INSTALL}'
INSTALL_SCRIPT='${INSTALL}'
LDFLAGS=''
LIBOBJS=''
LIBS='-lXext -lX11 '
LTLIBOBJS=''
MOC=''
OBJEXT='o'
PACKAGE_BUGREPORT=''
PACKAGE_NAME=''
PACKAGE_STRING=''
PACKAGE_TARNAME=''
PACKAGE_VERSION=''
PATH_SEPARATOR=':'
PKG_CONFIG='/usr/bin/pkg-config'
QASSISTANTCLIENT_LDADD=''
QEMBED=''
QT_CFLAGS=''
QT_CXXFLAGS=''
QT_GUILINK=''
QT_LDADD=''
QT_LIBS=''
RANLIB='ranlib'
SET_MAKE=''
SHELL='/bin/sh'
UIC=''
X11_CFLAGS=' -INONE'
X11_LIBS=' -LNONE -lXext -lX11 '
XMKMF=''
X_CFLAGS=' -INONE'
X_EXTRA_LIBS=''
X_LIBS=' -LNONE'
X_PRE_LIBS=' -lSM -lICE'
ac_ct_CC='gcc'
ac_ct_CXX='g++'
bindir='${exec_prefix}/bin'
build_alias=''
datadir='${datarootdir}'
datarootdir='${prefix}/share'
docdir='${datarootdir}/doc/${PACKAGE}'
dvidir='${docdir}'
exec_prefix='${prefix}'
host_alias=''
htmldir='${docdir}'
includedir='${prefix}/include'
infodir='${datarootdir}/info'
libdir='${exec_prefix}/lib'
libexecdir='${exec_prefix}/libexec'
localedir='${datarootdir}/locale'
localstatedir='${prefix}/var'
mandir='${datarootdir}/man'
oldincludedir='/usr/include'
pdfdir='${docdir}'
prefix='/usr/local'
program_transform_name='s,x,x,'
psdir='${docdir}'
sbindir='${exec_prefix}/sbin'
sharedstatedir='${prefix}/com'
sysconfdir='${prefix}/etc'
system='Linux'
target_alias=''

## ----------- ##
## confdefs.h. ##
## ----------- ##

#define PACKAGE_NAME ""
#define PACKAGE_TARNAME ""
#define PACKAGE_VERSION ""
#define PACKAGE_STRING ""
#define PACKAGE_BUGREPORT ""
#define STDC_HEADERS 1
#define HAVE_SYS_TYPES_H 1
#define HAVE_SYS_STAT_H 1
#define HAVE_STDLIB_H 1
#define HAVE_STRING_H 1
#define HAVE_MEMORY_H 1
#define HAVE_STRINGS_H 1
#define HAVE_INTTYPES_H 1
#define HAVE_STDINT_H 1
#define HAVE_UNISTD_H 1
#define HAVE_LIBX11 1
#define HAVE_LIBXEXT 1
#define HAVE_NVCONTROL 1

configure: exit 0
